This is pdfTeX, Version 3.141592653-2.6-1.40.27 (TeX Live 2025) (preloaded format=pdflatex 2025.3.8)  14 JUN 2025 09:33
entering extended mode
 restricted \write18 enabled.
 file:line:error style messages enabled.
 %&-line parsing enabled.
**/Users/benagro/BenAgro314.github.io/masters_thesis/Agro_Ben_T_202510_Masters_thesis.tex
(/Users/benagro/BenAgro314.github.io/masters_thesis/Agro_Ben_T_202510_Masters_thesis.tex
LaTeX2e <2024-11-01> patch level 2
L3 programming layer <2025-01-18>
(/usr/local/texlive/2025/texmf-dist/tex/latex/ut-thesis/ut-thesis.cls
Document Class: ut-thesis 2024/07/26 v3.1.8 University of Toronto thesis class
\margin@base=\skip49
\margin@offset=\skip50
(/usr/local/texlive/2025/texmf-dist/tex/latex/base/book.cls
Document Class: book 2024/06/29 v1.4n Standard LaTeX document class
(/usr/local/texlive/2025/texmf-dist/tex/latex/base/bk10.clo
File: bk10.clo 2024/06/29 v1.4n Standard LaTeX file (size option)
)
\c@part=\count196
\c@chapter=\count197
\c@section=\count198
\c@subsection=\count199
\c@subsubsection=\count266
\c@paragraph=\count267
\c@subparagraph=\count268
\c@figure=\count269
\c@table=\count270
\abovecaptionskip=\skip51
\belowcaptionskip=\skip52
\bibindent=\dimen141
) (/usr/local/texlive/2025/texmf-dist/tex/latex/geometry/geometry.sty
Package: geometry 2020/01/02 v5.9 Page Geometry
 (/usr/local/texlive/2025/texmf-dist/tex/latex/graphics/keyval.sty
Package: keyval 2022/05/29 v1.15 key=value parser (DPC)
\KV@toks@=\toks17
) (/usr/local/texlive/2025/texmf-dist/tex/generic/iftex/ifvtex.sty
Package: ifvtex 2019/10/25 v1.7 ifvtex legacy package. Use iftex instead.
 (/usr/local/texlive/2025/texmf-dist/tex/generic/iftex/iftex.sty
Package: iftex 2024/12/12 v1.0g TeX engine tests
))
\Gm@cnth=\count271
\Gm@cntv=\count272
\c@Gm@tempcnt=\count273
\Gm@bindingoffset=\dimen142
\Gm@wd@mp=\dimen143
\Gm@odd@mp=\dimen144
\Gm@even@mp=\dimen145
\Gm@layoutwidth=\dimen146
\Gm@layoutheight=\dimen147
\Gm@layouthoffset=\dimen148
\Gm@layoutvoffset=\dimen149
\Gm@dimlist=\toks18
) (/usr/local/texlive/2025/texmf-dist/tex/latex/setspace/setspace.sty
Package: setspace 2022/12/04 v6.7b set line spacing
)) (./preamble.tex (/usr/local/texlive/2025/texmf-dist/tex/latex/psnfss/times.sty
Package: times 2020/03/25 PSNFSS-v9.3 (SPQR) 
) (/usr/local/texlive/2025/texmf-dist/tex/latex/graphics/epsfig.sty
Package: epsfig 2024/01/14 v1.7b (e)psfig emulation (SPQR)
 (/usr/local/texlive/2025/texmf-dist/tex/latex/graphics/graphicx.sty
Package: graphicx 2021/09/16 v1.2d Enhanced LaTeX Graphics (DPC,SPQR)
 (/usr/local/texlive/2025/texmf-dist/tex/latex/graphics/graphics.sty
Package: graphics 2024/08/06 v1.4g Standard LaTeX Graphics (DPC,SPQR)
 (/usr/local/texlive/2025/texmf-dist/tex/latex/graphics/trig.sty
Package: trig 2023/12/02 v1.11 sin cos tan (DPC)
) (/usr/local/texlive/2025/texmf-dist/tex/latex/graphics-cfg/graphics.cfg
File: graphics.cfg 2016/06/04 v1.11 sample graphics configuration
)
Package graphics Info: Driver file: pdftex.def on input line 106.
 (/usr/local/texlive/2025/texmf-dist/tex/latex/graphics-def/pdftex.def
File: pdftex.def 2024/04/13 v1.2c Graphics/color driver for pdftex
))
\Gin@req@height=\dimen150
\Gin@req@width=\dimen151
)
\epsfxsize=\dimen152
\epsfysize=\dimen153
) (/usr/local/texlive/2025/texmf-dist/tex/latex/amsmath/amsmath.sty
Package: amsmath 2024/11/05 v2.17t AMS math features
\@mathmargin=\skip53

For additional information on amsmath, use the `?' option.
(/usr/local/texlive/2025/texmf-dist/tex/latex/amsmath/amstext.sty
Package: amstext 2021/08/26 v2.01 AMS text
 (/usr/local/texlive/2025/texmf-dist/tex/latex/amsmath/amsgen.sty
File: amsgen.sty 1999/11/30 v2.0 generic functions
\@emptytoks=\toks19
\ex@=\dimen154
)) (/usr/local/texlive/2025/texmf-dist/tex/latex/amsmath/amsbsy.sty
Package: amsbsy 1999/11/29 v1.2d Bold Symbols
\pmbraise@=\dimen155
) (/usr/local/texlive/2025/texmf-dist/tex/latex/amsmath/amsopn.sty
Package: amsopn 2022/04/08 v2.04 operator names
)
\inf@bad=\count274
LaTeX Info: Redefining \frac on input line 233.
\uproot@=\count275
\leftroot@=\count276
LaTeX Info: Redefining \overline on input line 398.
LaTeX Info: Redefining \colon on input line 409.
\classnum@=\count277
\DOTSCASE@=\count278
LaTeX Info: Redefining \ldots on input line 495.
LaTeX Info: Redefining \dots on input line 498.
LaTeX Info: Redefining \cdots on input line 619.
\Mathstrutbox@=\box52
\strutbox@=\box53
LaTeX Info: Redefining \big on input line 721.
LaTeX Info: Redefining \Big on input line 722.
LaTeX Info: Redefining \bigg on input line 723.
LaTeX Info: Redefining \Bigg on input line 724.
\big@size=\dimen156
LaTeX Font Info:    Redeclaring font encoding OML on input line 742.
LaTeX Font Info:    Redeclaring font encoding OMS on input line 743.
\macc@depth=\count279
LaTeX Info: Redefining \bmod on input line 904.
LaTeX Info: Redefining \pmod on input line 909.
LaTeX Info: Redefining \smash on input line 939.
LaTeX Info: Redefining \relbar on input line 969.
LaTeX Info: Redefining \Relbar on input line 970.
\c@MaxMatrixCols=\count280
\dotsspace@=\muskip17
\c@parentequation=\count281
\dspbrk@lvl=\count282
\tag@help=\toks20
\row@=\count283
\column@=\count284
\maxfields@=\count285
\andhelp@=\toks21
\eqnshift@=\dimen157
\alignsep@=\dimen158
\tagshift@=\dimen159
\tagwidth@=\dimen160
\totwidth@=\dimen161
\lineht@=\dimen162
\@envbody=\toks22
\multlinegap=\skip54
\multlinetaggap=\skip55
\mathdisplay@stack=\toks23
LaTeX Info: Redefining \[ on input line 2953.
LaTeX Info: Redefining \] on input line 2954.
) (/usr/local/texlive/2025/texmf-dist/tex/latex/amsfonts/amssymb.sty
Package: amssymb 2013/01/14 v3.01 AMS font symbols
 (/usr/local/texlive/2025/texmf-dist/tex/latex/amsfonts/amsfonts.sty
Package: amsfonts 2013/01/14 v3.01 Basic AMSFonts support
\symAMSa=\mathgroup4
\symAMSb=\mathgroup5
LaTeX Font Info:    Redeclaring math symbol \hbar on input line 98.
LaTeX Font Info:    Overwriting math alphabet `\mathfrak' in version `bold'
(Font)                  U/euf/m/n --> U/euf/b/n on input line 106.
)) (/usr/local/texlive/2025/texmf-dist/tex/latex/booktabs/booktabs.sty
Package: booktabs 2020/01/12 v1.61803398 Publication quality tables
\heavyrulewidth=\dimen163
\lightrulewidth=\dimen164
\cmidrulewidth=\dimen165
\belowrulesep=\dimen166
\belowbottomsep=\dimen167
\aboverulesep=\dimen168
\abovetopsep=\dimen169
\cmidrulesep=\dimen170
\cmidrulekern=\dimen171
\defaultaddspace=\dimen172
\@cmidla=\count286
\@cmidlb=\count287
\@aboverulesep=\dimen173
\@belowrulesep=\dimen174
\@thisruleclass=\count288
\@lastruleclass=\count289
\@thisrulewidth=\dimen175
) (/usr/local/texlive/2025/texmf-dist/tex/latex/siunitx/siunitx.sty
Package: siunitx 2025-02-27 v3.4.6 A comprehensive (SI) units package
\l__siunitx_number_uncert_offset_int=\count290
\l__siunitx_number_exponent_fixed_int=\count291
\l__siunitx_number_min_decimal_int=\count292
\l__siunitx_number_min_integer_int=\count293
\l__siunitx_number_round_precision_int=\count294
\l__siunitx_number_lower_threshold_int=\count295
\l__siunitx_number_upper_threshold_int=\count296
\l__siunitx_number_group_first_int=\count297
\l__siunitx_number_group_size_int=\count298
\l__siunitx_number_group_minimum_int=\count299
\l__siunitx_angle_tmp_dim=\dimen176
\l__siunitx_angle_marker_box=\box54
\l__siunitx_angle_unit_box=\box55
\l__siunitx_compound_count_int=\count300
 (/usr/local/texlive/2025/texmf-dist/tex/latex/translations/translations.sty
Package: translations 2022/02/05 v1.12 internationalization of LaTeX2e packages (CN)
 (/usr/local/texlive/2025/texmf-dist/tex/latex/etoolbox/etoolbox.sty
Package: etoolbox 2025/02/11 v2.5l e-TeX tools for LaTeX (JAW)
\etb@tempcnta=\count301
) (/usr/local/texlive/2025/texmf-dist/tex/generic/pdftexcmds/pdftexcmds.sty
Package: pdftexcmds 2020-06-27 v0.33 Utility functions of pdfTeX for LuaTeX (HO)
 (/usr/local/texlive/2025/texmf-dist/tex/generic/infwarerr/infwarerr.sty
Package: infwarerr 2019/12/03 v1.5 Providing info/warning/error messages (HO)
) (/usr/local/texlive/2025/texmf-dist/tex/generic/ltxcmds/ltxcmds.sty
Package: ltxcmds 2023-12-04 v1.26 LaTeX kernel commands for general use (HO)
)
Package pdftexcmds Info: \pdf@primitive is available.
Package pdftexcmds Info: \pdf@ifprimitive is available.
Package pdftexcmds Info: \pdfdraftmode found.
))
\l__siunitx_table_tmp_box=\box56
\l__siunitx_table_tmp_dim=\dimen177
\l__siunitx_table_column_width_dim=\dimen178
\l__siunitx_table_integer_box=\box57
\l__siunitx_table_decimal_box=\box58
\l__siunitx_table_uncert_box=\box59
\l__siunitx_table_before_box=\box60
\l__siunitx_table_after_box=\box61
\l__siunitx_table_before_dim=\dimen179
\l__siunitx_table_carry_dim=\dimen180
\l__siunitx_unit_tmp_int=\count302
\l__siunitx_unit_position_int=\count303
\l__siunitx_unit_total_int=\count304
 (/usr/local/texlive/2025/texmf-dist/tex/latex/tools/array.sty
Package: array 2024/10/17 v2.6g Tabular extension package (FMi)
\col@sep=\dimen181
\ar@mcellbox=\box62
\extrarowheight=\dimen182
\NC@list=\toks24
\extratabsurround=\skip56
\backup@length=\skip57
\ar@cellbox=\box63
)) (/usr/local/texlive/2025/texmf-dist/tex/latex/pgfplots/pgfplots.sty (/usr/local/texlive/2025/texmf-dist/tex/generic/pgfplots/pgfplots.revision.tex)
Package: pgfplots 2021/05/15 v1.18.1 Data Visualization (1.18.1)
 (/usr/local/texlive/2025/texmf-dist/tex/latex/pgf/frontendlayer/tikz.sty (/usr/local/texlive/2025/texmf-dist/tex/latex/pgf/basiclayer/pgf.sty (/usr/local/texlive/2025/texmf-dist/tex/latex/pgf/utilities/pgfrcs.sty (/usr/local/texlive/2025/texmf-dist/tex/generic/pgf/utilities/pgfutil-common.tex
\pgfutil@everybye=\toks25
\pgfutil@tempdima=\dimen183
\pgfutil@tempdimb=\dimen184
) (/usr/local/texlive/2025/texmf-dist/tex/generic/pgf/utilities/pgfutil-latex.def
\pgfutil@abb=\box64
) (/usr/local/texlive/2025/texmf-dist/tex/generic/pgf/utilities/pgfrcs.code.tex (/usr/local/texlive/2025/texmf-dist/tex/generic/pgf/pgf.revision.tex)
Package: pgfrcs 2023-01-15 v3.1.10 (3.1.10)
))
Package: pgf 2023-01-15 v3.1.10 (3.1.10)
 (/usr/local/texlive/2025/texmf-dist/tex/latex/pgf/basiclayer/pgfcore.sty (/usr/local/texlive/2025/texmf-dist/tex/latex/pgf/systemlayer/pgfsys.sty (/usr/local/texlive/2025/texmf-dist/tex/generic/pgf/systemlayer/pgfsys.code.tex
Package: pgfsys 2023-01-15 v3.1.10 (3.1.10)
 (/usr/local/texlive/2025/texmf-dist/tex/generic/pgf/utilities/pgfkeys.code.tex
\pgfkeys@pathtoks=\toks26
\pgfkeys@temptoks=\toks27
 (/usr/local/texlive/2025/texmf-dist/tex/generic/pgf/utilities/pgfkeyslibraryfiltered.code.tex
\pgfkeys@tmptoks=\toks28
))
\pgf@x=\dimen185
\pgf@y=\dimen186
\pgf@xa=\dimen187
\pgf@ya=\dimen188
\pgf@xb=\dimen189
\pgf@yb=\dimen190
\pgf@xc=\dimen191
\pgf@yc=\dimen192
\pgf@xd=\dimen193
\pgf@yd=\dimen194
\w@pgf@writea=\write3
\r@pgf@reada=\read2
\c@pgf@counta=\count305
\c@pgf@countb=\count306
\c@pgf@countc=\count307
\c@pgf@countd=\count308
\t@pgf@toka=\toks29
\t@pgf@tokb=\toks30
\t@pgf@tokc=\toks31
\pgf@sys@id@count=\count309
 (/usr/local/texlive/2025/texmf-dist/tex/generic/pgf/systemlayer/pgf.cfg
File: pgf.cfg 2023-01-15 v3.1.10 (3.1.10)
)
Driver file for pgf: pgfsys-pdftex.def
 (/usr/local/texlive/2025/texmf-dist/tex/generic/pgf/systemlayer/pgfsys-pdftex.def
File: pgfsys-pdftex.def 2023-01-15 v3.1.10 (3.1.10)
 (/usr/local/texlive/2025/texmf-dist/tex/generic/pgf/systemlayer/pgfsys-common-pdf.def
File: pgfsys-common-pdf.def 2023-01-15 v3.1.10 (3.1.10)
))) (/usr/local/texlive/2025/texmf-dist/tex/generic/pgf/systemlayer/pgfsyssoftpath.code.tex
File: pgfsyssoftpath.code.tex 2023-01-15 v3.1.10 (3.1.10)
\pgfsyssoftpath@smallbuffer@items=\count310
\pgfsyssoftpath@bigbuffer@items=\count311
) (/usr/local/texlive/2025/texmf-dist/tex/generic/pgf/systemlayer/pgfsysprotocol.code.tex
File: pgfsysprotocol.code.tex 2023-01-15 v3.1.10 (3.1.10)
)) (/usr/local/texlive/2025/texmf-dist/tex/latex/xcolor/xcolor.sty
Package: xcolor 2024/09/29 v3.02 LaTeX color extensions (UK)
 (/usr/local/texlive/2025/texmf-dist/tex/latex/graphics-cfg/color.cfg
File: color.cfg 2016/01/02 v1.6 sample color configuration
)
Package xcolor Info: Driver file: pdftex.def on input line 274.
 (/usr/local/texlive/2025/texmf-dist/tex/latex/graphics/mathcolor.ltx)
Package xcolor Info: Model `cmy' substituted by `cmy0' on input line 1349.
Package xcolor Info: Model `hsb' substituted by `rgb' on input line 1353.
Package xcolor Info: Model `RGB' extended on input line 1365.
Package xcolor Info: Model `HTML' substituted by `rgb' on input line 1367.
Package xcolor Info: Model `Hsb' substituted by `hsb' on input line 1368.
Package xcolor Info: Model `tHsb' substituted by `hsb' on input line 1369.
Package xcolor Info: Model `HSB' substituted by `hsb' on input line 1370.
Package xcolor Info: Model `Gray' substituted by `gray' on input line 1371.
Package xcolor Info: Model `wave' substituted by `hsb' on input line 1372.
) (/usr/local/texlive/2025/texmf-dist/tex/generic/pgf/basiclayer/pgfcore.code.tex
Package: pgfcore 2023-01-15 v3.1.10 (3.1.10)
 (/usr/local/texlive/2025/texmf-dist/tex/generic/pgf/math/pgfmath.code.tex (/usr/local/texlive/2025/texmf-dist/tex/generic/pgf/math/pgfmathutil.code.tex) (/usr/local/texlive/2025/texmf-dist/tex/generic/pgf/math/pgfmathparser.code.tex
\pgfmath@dimen=\dimen195
\pgfmath@count=\count312
\pgfmath@box=\box65
\pgfmath@toks=\toks32
\pgfmath@stack@operand=\toks33
\pgfmath@stack@operation=\toks34
) (/usr/local/texlive/2025/texmf-dist/tex/generic/pgf/math/pgfmathfunctions.code.tex) (/usr/local/texlive/2025/texmf-dist/tex/generic/pgf/math/pgfmathfunctions.basic.code.tex) (/usr/local/texlive/2025/texmf-dist/tex/generic/pgf/math/pgfmathfunctions.trigonometric.code.tex) (/usr/local/texlive/2025/texmf-dist/tex/generic/pgf/math/pgfmathfunctions.random.code.tex) (/usr/local/texlive/2025/texmf-dist/tex/generic/pgf/math/pgfmathfunctions.comparison.code.tex) (/usr/local/texlive/2025/texmf-dist/tex/generic/pgf/math/pgfmathfunctions.base.code.tex) (/usr/local/texlive/2025/texmf-dist/tex/generic/pgf/math/pgfmathfunctions.round.code.tex) (/usr/local/texlive/2025/texmf-dist/tex/generic/pgf/math/pgfmathfunctions.misc.code.tex) (/usr/local/texlive/2025/texmf-dist/tex/generic/pgf/math/pgfmathfunctions.integerarithmetics.code.tex) (/usr/local/texlive/2025/texmf-dist/tex/generic/pgf/math/pgfmathcalc.code.tex) (/usr/local/texlive/2025/texmf-dist/tex/generic/pgf/math/pgfmathfloat.code.tex
\c@pgfmathroundto@lastzeros=\count313
)) (/usr/local/texlive/2025/texmf-dist/tex/generic/pgf/math/pgfint.code.tex) (/usr/local/texlive/2025/texmf-dist/tex/generic/pgf/basiclayer/pgfcorepoints.code.tex
File: pgfcorepoints.code.tex 2023-01-15 v3.1.10 (3.1.10)
\pgf@picminx=\dimen196
\pgf@picmaxx=\dimen197
\pgf@picminy=\dimen198
\pgf@picmaxy=\dimen199
\pgf@pathminx=\dimen256
\pgf@pathmaxx=\dimen257
\pgf@pathminy=\dimen258
\pgf@pathmaxy=\dimen259
\pgf@xx=\dimen260
\pgf@xy=\dimen261
\pgf@yx=\dimen262
\pgf@yy=\dimen263
\pgf@zx=\dimen264
\pgf@zy=\dimen265
) (/usr/local/texlive/2025/texmf-dist/tex/generic/pgf/basiclayer/pgfcorepathconstruct.code.tex
File: pgfcorepathconstruct.code.tex 2023-01-15 v3.1.10 (3.1.10)
\pgf@path@lastx=\dimen266
\pgf@path@lasty=\dimen267
) (/usr/local/texlive/2025/texmf-dist/tex/generic/pgf/basiclayer/pgfcorepathusage.code.tex
File: pgfcorepathusage.code.tex 2023-01-15 v3.1.10 (3.1.10)
\pgf@shorten@end@additional=\dimen268
\pgf@shorten@start@additional=\dimen269
) (/usr/local/texlive/2025/texmf-dist/tex/generic/pgf/basiclayer/pgfcorescopes.code.tex
File: pgfcorescopes.code.tex 2023-01-15 v3.1.10 (3.1.10)
\pgfpic=\box66
\pgf@hbox=\box67
\pgf@layerbox@main=\box68
\pgf@picture@serial@count=\count314
) (/usr/local/texlive/2025/texmf-dist/tex/generic/pgf/basiclayer/pgfcoregraphicstate.code.tex
File: pgfcoregraphicstate.code.tex 2023-01-15 v3.1.10 (3.1.10)
\pgflinewidth=\dimen270
) (/usr/local/texlive/2025/texmf-dist/tex/generic/pgf/basiclayer/pgfcoretransformations.code.tex
File: pgfcoretransformations.code.tex 2023-01-15 v3.1.10 (3.1.10)
\pgf@pt@x=\dimen271
\pgf@pt@y=\dimen272
\pgf@pt@temp=\dimen273
) (/usr/local/texlive/2025/texmf-dist/tex/generic/pgf/basiclayer/pgfcorequick.code.tex
File: pgfcorequick.code.tex 2023-01-15 v3.1.10 (3.1.10)
) (/usr/local/texlive/2025/texmf-dist/tex/generic/pgf/basiclayer/pgfcoreobjects.code.tex
File: pgfcoreobjects.code.tex 2023-01-15 v3.1.10 (3.1.10)
) (/usr/local/texlive/2025/texmf-dist/tex/generic/pgf/basiclayer/pgfcorepathprocessing.code.tex
File: pgfcorepathprocessing.code.tex 2023-01-15 v3.1.10 (3.1.10)
) (/usr/local/texlive/2025/texmf-dist/tex/generic/pgf/basiclayer/pgfcorearrows.code.tex
File: pgfcorearrows.code.tex 2023-01-15 v3.1.10 (3.1.10)
\pgfarrowsep=\dimen274
) (/usr/local/texlive/2025/texmf-dist/tex/generic/pgf/basiclayer/pgfcoreshade.code.tex
File: pgfcoreshade.code.tex 2023-01-15 v3.1.10 (3.1.10)
\pgf@max=\dimen275
\pgf@sys@shading@range@num=\count315
\pgf@shadingcount=\count316
) (/usr/local/texlive/2025/texmf-dist/tex/generic/pgf/basiclayer/pgfcoreimage.code.tex
File: pgfcoreimage.code.tex 2023-01-15 v3.1.10 (3.1.10)
) (/usr/local/texlive/2025/texmf-dist/tex/generic/pgf/basiclayer/pgfcoreexternal.code.tex
File: pgfcoreexternal.code.tex 2023-01-15 v3.1.10 (3.1.10)
\pgfexternal@startupbox=\box69
) (/usr/local/texlive/2025/texmf-dist/tex/generic/pgf/basiclayer/pgfcorelayers.code.tex
File: pgfcorelayers.code.tex 2023-01-15 v3.1.10 (3.1.10)
) (/usr/local/texlive/2025/texmf-dist/tex/generic/pgf/basiclayer/pgfcoretransparency.code.tex
File: pgfcoretransparency.code.tex 2023-01-15 v3.1.10 (3.1.10)
) (/usr/local/texlive/2025/texmf-dist/tex/generic/pgf/basiclayer/pgfcorepatterns.code.tex
File: pgfcorepatterns.code.tex 2023-01-15 v3.1.10 (3.1.10)
) (/usr/local/texlive/2025/texmf-dist/tex/generic/pgf/basiclayer/pgfcorerdf.code.tex
File: pgfcorerdf.code.tex 2023-01-15 v3.1.10 (3.1.10)
))) (/usr/local/texlive/2025/texmf-dist/tex/generic/pgf/modules/pgfmoduleshapes.code.tex
File: pgfmoduleshapes.code.tex 2023-01-15 v3.1.10 (3.1.10)
\pgfnodeparttextbox=\box70
) (/usr/local/texlive/2025/texmf-dist/tex/generic/pgf/modules/pgfmoduleplot.code.tex
File: pgfmoduleplot.code.tex 2023-01-15 v3.1.10 (3.1.10)
) (/usr/local/texlive/2025/texmf-dist/tex/latex/pgf/compatibility/pgfcomp-version-0-65.sty
Package: pgfcomp-version-0-65 2023-01-15 v3.1.10 (3.1.10)
\pgf@nodesepstart=\dimen276
\pgf@nodesepend=\dimen277
) (/usr/local/texlive/2025/texmf-dist/tex/latex/pgf/compatibility/pgfcomp-version-1-18.sty
Package: pgfcomp-version-1-18 2023-01-15 v3.1.10 (3.1.10)
)) (/usr/local/texlive/2025/texmf-dist/tex/latex/pgf/utilities/pgffor.sty (/usr/local/texlive/2025/texmf-dist/tex/latex/pgf/utilities/pgfkeys.sty (/usr/local/texlive/2025/texmf-dist/tex/generic/pgf/utilities/pgfkeys.code.tex)) (/usr/local/texlive/2025/texmf-dist/tex/latex/pgf/math/pgfmath.sty (/usr/local/texlive/2025/texmf-dist/tex/generic/pgf/math/pgfmath.code.tex)) (/usr/local/texlive/2025/texmf-dist/tex/generic/pgf/utilities/pgffor.code.tex
Package: pgffor 2023-01-15 v3.1.10 (3.1.10)
\pgffor@iter=\dimen278
\pgffor@skip=\dimen279
\pgffor@stack=\toks35
\pgffor@toks=\toks36
)) (/usr/local/texlive/2025/texmf-dist/tex/generic/pgf/frontendlayer/tikz/tikz.code.tex
Package: tikz 2023-01-15 v3.1.10 (3.1.10)
 (/usr/local/texlive/2025/texmf-dist/tex/generic/pgf/libraries/pgflibraryplothandlers.code.tex
File: pgflibraryplothandlers.code.tex 2023-01-15 v3.1.10 (3.1.10)
\pgf@plot@mark@count=\count317
\pgfplotmarksize=\dimen280
)
\tikz@lastx=\dimen281
\tikz@lasty=\dimen282
\tikz@lastxsaved=\dimen283
\tikz@lastysaved=\dimen284
\tikz@lastmovetox=\dimen285
\tikz@lastmovetoy=\dimen286
\tikzleveldistance=\dimen287
\tikzsiblingdistance=\dimen288
\tikz@figbox=\box71
\tikz@figbox@bg=\box72
\tikz@tempbox=\box73
\tikz@tempbox@bg=\box74
\tikztreelevel=\count318
\tikznumberofchildren=\count319
\tikznumberofcurrentchild=\count320
\tikz@fig@count=\count321
 (/usr/local/texlive/2025/texmf-dist/tex/generic/pgf/modules/pgfmodulematrix.code.tex
File: pgfmodulematrix.code.tex 2023-01-15 v3.1.10 (3.1.10)
\pgfmatrixcurrentrow=\count322
\pgfmatrixcurrentcolumn=\count323
\pgf@matrix@numberofcolumns=\count324
)
\tikz@expandcount=\count325
 (/usr/local/texlive/2025/texmf-dist/tex/generic/pgf/frontendlayer/tikz/libraries/tikzlibrarytopaths.code.tex
File: tikzlibrarytopaths.code.tex 2023-01-15 v3.1.10 (3.1.10)
))) (/usr/local/texlive/2025/texmf-dist/tex/generic/pgfplots/pgfplots.code.tex (/usr/local/texlive/2025/texmf-dist/tex/generic/pgfplots/pgfplotscore.code.tex
\t@pgfplots@toka=\toks37
\t@pgfplots@tokb=\toks38
\t@pgfplots@tokc=\toks39
\pgfplots@tmpa=\dimen289
\c@pgfplots@coordindex=\count326
\c@pgfplots@scanlineindex=\count327
 (/usr/local/texlive/2025/texmf-dist/tex/generic/pgfplots/sys/pgfplotssysgeneric.code.tex)) (/usr/local/texlive/2025/texmf-dist/tex/generic/pgfplots/libs/pgfplotslibrary.code.tex) (/usr/local/texlive/2025/texmf-dist/tex/generic/pgfplots/oldpgfcompatib/pgfplotsoldpgfsupp_loader.code.tex (/usr/local/texlive/2025/texmf-dist/tex/generic/pgf/libraries/pgflibraryfpu.code.tex)
Package pgfplots: loading complementary utilities for your pgf version...
\t@pgf@toka=\toks40
\t@pgf@tokb=\toks41
\t@pgf@tokc=\toks42
(/usr/local/texlive/2025/texmf-dist/tex/generic/pgfplots/oldpgfcompatib/pgfplotsoldpgfsupp_pgfutil-common-lists.tex)) (/usr/local/texlive/2025/texmf-dist/tex/generic/pgfplots/util/pgfplotsutil.code.tex (/usr/local/texlive/2025/texmf-dist/tex/generic/pgfplots/liststructure/pgfplotsliststructure.code.tex) (/usr/local/texlive/2025/texmf-dist/tex/generic/pgfplots/liststructure/pgfplotsliststructureext.code.tex) (/usr/local/texlive/2025/texmf-dist/tex/generic/pgfplots/liststructure/pgfplotsarray.code.tex
\c@pgfplotsarray@tmp=\count328
) (/usr/local/texlive/2025/texmf-dist/tex/generic/pgfplots/liststructure/pgfplotsmatrix.code.tex) (/usr/local/texlive/2025/texmf-dist/tex/generic/pgfplots/numtable/pgfplotstableshared.code.tex
\c@pgfplotstable@counta=\count329
\t@pgfplotstable@a=\toks43
) (/usr/local/texlive/2025/texmf-dist/tex/generic/pgfplots/liststructure/pgfplotsdeque.code.tex) (/usr/local/texlive/2025/texmf-dist/tex/generic/pgfplots/util/pgfplotsbinary.code.tex (/usr/local/texlive/2025/texmf-dist/tex/generic/pgfplots/util/pgfplotsbinary.data.code.tex)) (/usr/local/texlive/2025/texmf-dist/tex/generic/pgfplots/util/pgfplotsutil.verb.code.tex) (/usr/local/texlive/2025/texmf-dist/tex/generic/pgfplots/libs/pgflibrarypgfplots.surfshading.code.tex
\c@pgfplotslibrarysurf@no=\count330
 (/usr/local/texlive/2025/texmf-dist/tex/generic/pgfplots/sys/pgflibrarypgfplots.surfshading.pgfsys-pdftex.def))) (/usr/local/texlive/2025/texmf-dist/tex/generic/pgfplots/util/pgfplotscolormap.code.tex (/usr/local/texlive/2025/texmf-dist/tex/generic/pgfplots/util/pgfplotscolor.code.tex)) (/usr/local/texlive/2025/texmf-dist/tex/generic/pgfplots/pgfplotsstackedplots.code.tex) (/usr/local/texlive/2025/texmf-dist/tex/generic/pgfplots/pgfplotsplothandlers.code.tex (/usr/local/texlive/2025/texmf-dist/tex/generic/pgfplots/pgfplotsmeshplothandler.code.tex (/usr/local/texlive/2025/texmf-dist/tex/generic/pgfplots/pgfplotsmeshplotimage.code.tex))) (/usr/local/texlive/2025/texmf-dist/tex/generic/pgfplots/pgfplots.scaling.code.tex) (/usr/local/texlive/2025/texmf-dist/tex/generic/pgfplots/pgfplotscoordprocessing.code.tex) (/usr/local/texlive/2025/texmf-dist/tex/generic/pgfplots/pgfplots.errorbars.code.tex) (/usr/local/texlive/2025/texmf-dist/tex/generic/pgfplots/pgfplots.markers.code.tex) (/usr/local/texlive/2025/texmf-dist/tex/generic/pgfplots/pgfplotsticks.code.tex) (/usr/local/texlive/2025/texmf-dist/tex/generic/pgfplots/pgfplots.paths.code.tex) (/usr/local/texlive/2025/texmf-dist/tex/generic/pgf/frontendlayer/tikz/libraries/tikzlibrarydecorations.code.tex (/usr/local/texlive/2025/texmf-dist/tex/generic/pgf/modules/pgfmoduledecorations.code.tex
\pgfdecoratedcompleteddistance=\dimen290
\pgfdecoratedremainingdistance=\dimen291
\pgfdecoratedinputsegmentcompleteddistance=\dimen292
\pgfdecoratedinputsegmentremainingdistance=\dimen293
\pgf@decorate@distancetomove=\dimen294
\pgf@decorate@repeatstate=\count331
\pgfdecorationsegmentamplitude=\dimen295
\pgfdecorationsegmentlength=\dimen296
)
\tikz@lib@dec@box=\box75
) (/usr/local/texlive/2025/texmf-dist/tex/generic/pgf/frontendlayer/tikz/libraries/tikzlibrarydecorations.pathmorphing.code.tex (/usr/local/texlive/2025/texmf-dist/tex/generic/pgf/libraries/decorations/pgflibrarydecorations.pathmorphing.code.tex)) (/usr/local/texlive/2025/texmf-dist/tex/generic/pgf/frontendlayer/tikz/libraries/tikzlibrarydecorations.pathreplacing.code.tex (/usr/local/texlive/2025/texmf-dist/tex/generic/pgf/libraries/decorations/pgflibrarydecorations.pathreplacing.code.tex)) (/usr/local/texlive/2025/texmf-dist/tex/generic/pgfplots/libs/tikzlibrarypgfplots.contourlua.code.tex)
\pgfplots@numplots=\count332
\pgfplots@xmin@reg=\dimen297
\pgfplots@xmax@reg=\dimen298
\pgfplots@ymin@reg=\dimen299
\pgfplots@ymax@reg=\dimen300
\pgfplots@zmin@reg=\dimen301
\pgfplots@zmax@reg=\dimen302
) (/usr/local/texlive/2025/texmf-dist/tex/generic/pgf/frontendlayer/tikz/libraries/tikzlibraryplotmarks.code.tex
File: tikzlibraryplotmarks.code.tex 2023-01-15 v3.1.10 (3.1.10)
 (/usr/local/texlive/2025/texmf-dist/tex/generic/pgf/libraries/pgflibraryplotmarks.code.tex
File: pgflibraryplotmarks.code.tex 2023-01-15 v3.1.10 (3.1.10)
))) (/usr/local/texlive/2025/texmf-dist/tex/latex/caption/caption.sty
Package: caption 2023/08/05 v3.6o Customizing captions (AR)
 (/usr/local/texlive/2025/texmf-dist/tex/latex/caption/caption3.sty
Package: caption3 2023/07/31 v2.4d caption3 kernel (AR)
\caption@tempdima=\dimen303
\captionmargin=\dimen304
\caption@leftmargin=\dimen305
\caption@rightmargin=\dimen306
\caption@width=\dimen307
\caption@indent=\dimen308
\caption@parindent=\dimen309
\caption@hangindent=\dimen310
Package caption Info: Standard document class detected.
)
\c@caption@flags=\count333
\c@continuedfloat=\count334
) (/usr/local/texlive/2025/texmf-dist/tex/generic/pgf/frontendlayer/tikz/libraries/tikzlibrarypatterns.code.tex
File: tikzlibrarypatterns.code.tex 2023-01-15 v3.1.10 (3.1.10)
 (/usr/local/texlive/2025/texmf-dist/tex/generic/pgf/libraries/pgflibrarypatterns.code.tex
File: pgflibrarypatterns.code.tex 2023-01-15 v3.1.10 (3.1.10)
)) (/usr/local/texlive/2025/texmf-dist/tex/generic/pgf/frontendlayer/tikz/libraries/tikzlibrarypositioning.code.tex
File: tikzlibrarypositioning.code.tex 2023-01-15 v3.1.10 (3.1.10)
) (/usr/local/texlive/2025/texmf-dist/tex/generic/pgf/frontendlayer/tikz/libraries/tikzlibrarycalc.code.tex
File: tikzlibrarycalc.code.tex 2023-01-15 v3.1.10 (3.1.10)
) (/usr/local/texlive/2025/texmf-dist/tex/generic/pgfplots/libs/tikzlibrarypgfplots.groupplots.code.tex
\pgfplots@group@current@plot=\count335
\pgfplots@group@current@row=\count336
\pgfplots@group@current@column=\count337
) (/usr/local/texlive/2025/texmf-dist/tex/latex/multirow/multirow.sty
Package: multirow 2024/11/12 v2.9 Span multiple rows of a table
\multirow@colwidth=\skip58
\multirow@cntb=\count338
\multirow@dima=\skip59
\bigstrutjot=\dimen311
) (/usr/local/texlive/2025/texmf-dist/tex/generic/ulem/ulem.sty
\UL@box=\box76
\UL@hyphenbox=\box77
\UL@skip=\skip60
\UL@hook=\toks44
\UL@height=\dimen312
\UL@pe=\count339
\UL@pixel=\dimen313
\ULC@box=\box78
Package: ulem 2019/11/18
\ULdepth=\dimen314
) (/usr/local/texlive/2025/texmf-dist/tex/latex/xpatch/xpatch.sty (/usr/local/texlive/2025/texmf-dist/tex/latex/l3kernel/expl3.sty
Package: expl3 2025-01-18 L3 programming layer (loader) 
 (/usr/local/texlive/2025/texmf-dist/tex/latex/l3backend/l3backend-pdftex.def
File: l3backend-pdftex.def 2024-05-08 L3 backend support: PDF output (pdfTeX)
\l__color_backend_stack_int=\count340
\l__pdf_internal_box=\box79
))
Package: xpatch 2020/03/25 v0.3a Extending etoolbox patching commands
 (/usr/local/texlive/2025/texmf-dist/tex/latex/l3packages/xparse/xparse.sty
Package: xparse 2024-08-16 L3 Experimental document command parser
)) (/usr/local/texlive/2025/texmf-dist/tex/latex/bbm-macros/bbm.sty
Package: bbm 1999/03/15 V 1.2 provides fonts for set symbols - TH
LaTeX Font Info:    Overwriting math alphabet `\mathbbm' in version `bold'
(Font)                  U/bbm/m/n --> U/bbm/bx/n on input line 33.
LaTeX Font Info:    Overwriting math alphabet `\mathbbmss' in version `bold'
(Font)                  U/bbmss/m/n --> U/bbmss/bx/n on input line 35.
) (/usr/local/texlive/2025/texmf-dist/tex/generic/soul/soul.sty
Package: soul 2023-06-14 v3.1 Permit use of UTF-8 characters in soul (HO)
 (/usr/local/texlive/2025/texmf-dist/tex/generic/soul/soul-ori.sty
Package: soul-ori 2023-06-14 v3.1 letterspacing/underlining (mf)
\SOUL@word=\toks45
\SOUL@lasttoken=\toks46
\SOUL@syllable=\toks47
\SOUL@cmds=\toks48
\SOUL@buffer=\toks49
\SOUL@token=\toks50
\SOUL@syllgoal=\dimen315
\SOUL@syllwidth=\dimen316
\SOUL@charkern=\dimen317
\SOUL@hyphkern=\dimen318
\SOUL@dimen=\dimen319
\SOUL@dimeni=\dimen320
\SOUL@minus=\count341
\SOUL@comma=\count342
\SOUL@apo=\count343
\SOUL@grave=\count344
\SOUL@spaceskip=\skip61
\SOUL@ttwidth=\dimen321
\SOUL@uldp=\dimen322
\SOUL@ulht=\dimen323
) (/usr/local/texlive/2025/texmf-dist/tex/generic/etexcmds/etexcmds.sty
Package: etexcmds 2019/12/15 v1.7 Avoid name clashes with e-TeX commands (HO)
)) (/usr/local/texlive/2025/texmf-dist/tex/latex/appendix/appendix.sty
Package: appendix 2020/02/08 v1.2c extra appendix facilities
\c@@pps=\count345
\c@@ppsavesec=\count346
\c@@ppsaveapp=\count347
) (/usr/local/texlive/2025/texmf-dist/tex/latex/tools/bm.sty
Package: bm 2023/12/19 v1.2f Bold Symbol Support (DPC/FMi)
\symboldoperators=\mathgroup6
\symboldletters=\mathgroup7
\symboldsymbols=\mathgroup8
Package bm Info: No bold for \OMX/cmex/m/n, using \pmb.
Package bm Info: No bold for \U/msa/m/n, using \pmb.
Package bm Info: No bold for \U/msb/m/n, using \pmb.
LaTeX Font Info:    Redeclaring math alphabet \mathbf on input line 149.
) (/usr/local/texlive/2025/texmf-dist/tex/latex/enumitem/enumitem.sty
Package: enumitem 2025/02/06 v3.11 Customized lists
\labelindent=\skip62
\enit@outerparindent=\dimen324
\enit@toks=\toks51
\enit@inbox=\box80
\enit@count@id=\count348
\enitdp@description=\count349
) (/usr/local/texlive/2025/texmf-dist/tex/latex/hyperref/hyperref.sty
Package: hyperref 2024-11-05 v7.01l Hypertext links for LaTeX
 (/usr/local/texlive/2025/texmf-dist/tex/latex/kvsetkeys/kvsetkeys.sty
Package: kvsetkeys 2022-10-05 v1.19 Key value parser (HO)
) (/usr/local/texlive/2025/texmf-dist/tex/generic/kvdefinekeys/kvdefinekeys.sty
Package: kvdefinekeys 2019-12-19 v1.6 Define keys (HO)
) (/usr/local/texlive/2025/texmf-dist/tex/generic/pdfescape/pdfescape.sty
Package: pdfescape 2019/12/09 v1.15 Implements pdfTeX's escape features (HO)
) (/usr/local/texlive/2025/texmf-dist/tex/latex/hycolor/hycolor.sty
Package: hycolor 2020-01-27 v1.10 Color options for hyperref/bookmark (HO)
) (/usr/local/texlive/2025/texmf-dist/tex/latex/hyperref/nameref.sty
Package: nameref 2023-11-26 v2.56 Cross-referencing by name of section
 (/usr/local/texlive/2025/texmf-dist/tex/latex/refcount/refcount.sty
Package: refcount 2019/12/15 v3.6 Data extraction from label references (HO)
) (/usr/local/texlive/2025/texmf-dist/tex/generic/gettitlestring/gettitlestring.sty
Package: gettitlestring 2019/12/15 v1.6 Cleanup title references (HO)
 (/usr/local/texlive/2025/texmf-dist/tex/latex/kvoptions/kvoptions.sty
Package: kvoptions 2022-06-15 v3.15 Key value format for package options (HO)
))
\c@section@level=\count350
) (/usr/local/texlive/2025/texmf-dist/tex/generic/stringenc/stringenc.sty
Package: stringenc 2019/11/29 v1.12 Convert strings between diff. encodings (HO)
)
\@linkdim=\dimen325
\Hy@linkcounter=\count351
\Hy@pagecounter=\count352
 (/usr/local/texlive/2025/texmf-dist/tex/latex/hyperref/pd1enc.def
File: pd1enc.def 2024-11-05 v7.01l Hyperref: PDFDocEncoding definition (HO)
Now handling font encoding PD1 ...
... no UTF-8 mapping file for font encoding PD1
) (/usr/local/texlive/2025/texmf-dist/tex/generic/intcalc/intcalc.sty
Package: intcalc 2019/12/15 v1.3 Expandable calculations with integers (HO)
)
\Hy@SavedSpaceFactor=\count353
 (/usr/local/texlive/2025/texmf-dist/tex/latex/hyperref/puenc.def
File: puenc.def 2024-11-05 v7.01l Hyperref: PDF Unicode definition (HO)
Now handling font encoding PU ...
... no UTF-8 mapping file for font encoding PU
)
Package hyperref Info: Option `breaklinks' set `true' on input line 4040.
Package hyperref Info: Option `colorlinks' set `true' on input line 4040.
Package hyperref Info: Hyper figures OFF on input line 4157.
Package hyperref Info: Link nesting OFF on input line 4162.
Package hyperref Info: Hyper index ON on input line 4165.
Package hyperref Info: Plain pages OFF on input line 4172.
Package hyperref Info: Backreferencing ON on input line 4175.
Package hyperref Info: Implicit mode ON; LaTeX internals redefined.
Package hyperref Info: Bookmarks ON on input line 4424.
 (/usr/local/texlive/2025/texmf-dist/tex/latex/hyperref/backref.sty
Package: backref 2023-11-26 v1.44 Bibliographical back referencing
 (/usr/local/texlive/2025/texmf-dist/tex/latex/rerunfilecheck/rerunfilecheck.sty
Package: rerunfilecheck 2022-07-10 v1.10 Rerun checks for auxiliary files (HO)
 (/usr/local/texlive/2025/texmf-dist/tex/latex/base/atveryend-ltx.sty
Package: atveryend-ltx 2020/08/19 v1.0a Emulation of the original atveryend package
with kernel methods
) (/usr/local/texlive/2025/texmf-dist/tex/generic/uniquecounter/uniquecounter.sty
Package: uniquecounter 2019/12/15 v1.4 Provide unlimited unique counter (HO)
 (/usr/local/texlive/2025/texmf-dist/tex/generic/bigintcalc/bigintcalc.sty
Package: bigintcalc 2019/12/15 v1.5 Expandable calculations on big integers (HO)
))
Package uniquecounter Info: New unique counter `rerunfilecheck' on input line 285.
))
\c@Hy@tempcnt=\count354
 (/usr/local/texlive/2025/texmf-dist/tex/latex/url/url.sty
\Urlmuskip=\muskip18
Package: url 2013/09/16  ver 3.4  Verb mode for urls, etc.
)
LaTeX Info: Redefining \url on input line 4763.
\XeTeXLinkMargin=\dimen326
 (/usr/local/texlive/2025/texmf-dist/tex/generic/bitset/bitset.sty
Package: bitset 2019/12/09 v1.3 Handle bit-vector datatype (HO)
)
\Fld@menulength=\count355
\Field@Width=\dimen327
\Fld@charsize=\dimen328
Package hyperref Info: Hyper figures OFF on input line 6042.
Package hyperref Info: Link nesting OFF on input line 6047.
Package hyperref Info: Hyper index ON on input line 6050.
Package hyperref Info: backreferencing ON on input line 6055.
Package hyperref Info: Link coloring ON on input line 6060.
Package hyperref Info: Link coloring with OCG OFF on input line 6067.
Package hyperref Info: PDF/A mode OFF on input line 6072.
 (/usr/local/texlive/2025/texmf-dist/tex/latex/base/atbegshi-ltx.sty
Package: atbegshi-ltx 2021/01/10 v1.0c Emulation of the original atbegshi
package with kernel methods
)
\Hy@abspage=\count356
\c@Item=\count357
\c@Hfootnote=\count358
)
Package hyperref Info: Driver (autodetected): hpdftex.
 (/usr/local/texlive/2025/texmf-dist/tex/latex/hyperref/hpdftex.def
File: hpdftex.def 2024-11-05 v7.01l Hyperref driver for pdfTeX
\Fld@listcount=\count359
\c@bookmark@seq@number=\count360
\Hy@SectionHShift=\skip63
) (/usr/local/texlive/2025/texmf-dist/tex/latex/cleveref/cleveref.sty
Package: cleveref 2018/03/27 v0.21.4 Intelligent cross-referencing
Package cleveref Info: `hyperref' support loaded on input line 2370.
LaTeX Info: Redefining \cref on input line 2370.
LaTeX Info: Redefining \Cref on input line 2370.
LaTeX Info: Redefining \crefrange on input line 2370.
LaTeX Info: Redefining \Crefrange on input line 2370.
LaTeX Info: Redefining \cpageref on input line 2370.
LaTeX Info: Redefining \Cpageref on input line 2370.
LaTeX Info: Redefining \cpagerefrange on input line 2370.
LaTeX Info: Redefining \Cpagerefrange on input line 2370.
LaTeX Info: Redefining \labelcref on input line 2370.
LaTeX Info: Redefining \labelcpageref on input line 2370.
) (/usr/local/texlive/2025/texmf-dist/tex/latex/psnfss/pifont.sty
Package: pifont 2020/03/25 PSNFSS-v9.3 Pi font support (SPQR) 
LaTeX Font Info:    Trying to load font information for U+pzd on input line 63.
 (/usr/local/texlive/2025/texmf-dist/tex/latex/psnfss/upzd.fd
File: upzd.fd 2001/06/04 font definitions for U/pzd.
)
LaTeX Font Info:    Trying to load font information for U+psy on input line 64.
 (/usr/local/texlive/2025/texmf-dist/tex/latex/psnfss/upsy.fd
File: upsy.fd 2001/06/04 font definitions for U/psy.
)) (/usr/local/texlive/2025/texmf-dist/tex/latex/colortbl/colortbl.sty
Package: colortbl 2024/07/06 v1.0i Color table columns (DPC)
\everycr=\toks52
\minrowclearance=\skip64
\rownum=\count361
))
Package translations Info: No language package found. I am going to use `english' as default language. on input line 12.
LaTeX Font Info:    Trying to load font information for OT1+ptm on input line 12.
 (/usr/local/texlive/2025/texmf-dist/tex/latex/psnfss/ot1ptm.fd
File: ot1ptm.fd 2001/06/04 font definitions for OT1/ptm.
) (./Agro_Ben_T_202510_Masters_thesis.aux)
\openout1 = `Agro_Ben_T_202510_Masters_thesis.aux'.

LaTeX Font Info:    Checking defaults for OML/cmm/m/it on input line 12.
LaTeX Font Info:    ... okay on input line 12.
LaTeX Font Info:    Checking defaults for OMS/cmsy/m/n on input line 12.
LaTeX Font Info:    ... okay on input line 12.
LaTeX Font Info:    Checking defaults for OT1/cmr/m/n on input line 12.
LaTeX Font Info:    ... okay on input line 12.
LaTeX Font Info:    Checking defaults for T1/cmr/m/n on input line 12.
LaTeX Font Info:    ... okay on input line 12.
LaTeX Font Info:    Checking defaults for TS1/cmr/m/n on input line 12.
LaTeX Font Info:    ... okay on input line 12.
LaTeX Font Info:    Checking defaults for OMX/cmex/m/n on input line 12.
LaTeX Font Info:    ... okay on input line 12.
LaTeX Font Info:    Checking defaults for U/cmr/m/n on input line 12.
LaTeX Font Info:    ... okay on input line 12.
LaTeX Font Info:    Checking defaults for PD1/pdf/m/n on input line 12.
LaTeX Font Info:    ... okay on input line 12.
LaTeX Font Info:    Checking defaults for PU/pdf/m/n on input line 12.
LaTeX Font Info:    ... okay on input line 12.

*geometry* driver: auto-detecting
*geometry* detected driver: pdftex
*geometry* verbose mode - [ preamble ] result:
* driver: pdftex
* paper: <default>
* layout: <same size as paper>
* layoutoffset:(h,v)=(0.0pt,0.0pt)
* modes: 
* h-part:(L,W,R)=(90.33748pt, 433.62004pt, 90.33748pt)
* v-part:(T,H,B)=(72.26999pt, 650.43001pt, 72.26999pt)
* \paperwidth=614.295pt
* \paperheight=794.96999pt
* \textwidth=433.62004pt
* \textheight=650.43001pt
* \oddsidemargin=18.06749pt
* \evensidemargin=18.06749pt
* \topmargin=-36.135pt
* \headheight=12.0pt
* \headsep=24.135pt
* \topskip=10.0pt
* \footskip=36.135pt
* \marginparwidth=72.26999pt
* \marginparsep=9.03374pt
* \columnsep=10.0pt
* \skip\footins=9.0pt plus 4.0pt minus 2.0pt
* \hoffset=0.0pt
* \voffset=0.0pt
* \mag=1000
* \@twocolumnfalse
* \@twosidefalse
* \@mparswitchfalse
* \@reversemarginfalse
* (1in=72.27pt=25.4mm, 1cm=28.453pt)

(/usr/local/texlive/2025/texmf-dist/tex/context/base/mkii/supp-pdf.mkii
[Loading MPS to PDF converter (version 2006.09.02).]
\scratchcounter=\count362
\scratchdimen=\dimen329
\scratchbox=\box81
\nofMPsegments=\count363
\nofMParguments=\count364
\everyMPshowfont=\toks53
\MPscratchCnt=\count365
\MPscratchDim=\dimen330
\MPnumerator=\count366
\makeMPintoPDFobject=\count367
\everyMPtoPDFconversion=\toks54
) (/usr/local/texlive/2025/texmf-dist/tex/latex/epstopdf-pkg/epstopdf-base.sty
Package: epstopdf-base 2020-01-24 v2.11 Base part for package epstopdf
Package epstopdf-base Info: Redefining graphics rule for `.eps' on input line 485.
 (/usr/local/texlive/2025/texmf-dist/tex/latex/latexconfig/epstopdf-sys.cfg
File: epstopdf-sys.cfg 2010/07/13 v1.3 Configuration of (r)epstopdf for TeX Live
)) (/usr/local/texlive/2025/texmf-dist/tex/latex/translations/translations-basic-dictionary-english.trsl
File: translations-basic-dictionary-english.trsl (english translation file `translations-basic-dictionary')
)
Package translations Info: loading dictionary `translations-basic-dictionary' for `english'. on input line 12.

Package pgfplots notification 'compat/show suggested version=true': document has been generated with the most recent feature set (\pgfplotsset{compat=1.18}).

Package caption Info: Begin \AtBeginDocument code.
Package caption Info: hyperref package is loaded.
Package caption Info: End \AtBeginDocument code.
Package hyperref Info: Link coloring ON on input line 12.
(./Agro_Ben_T_202510_Masters_thesis.out) (./Agro_Ben_T_202510_Masters_thesis.out)
\@outlinefile=\write4
\openout4 = `Agro_Ben_T_202510_Masters_thesis.out'.

LaTeX Font Info:    Trying to load font information for TS1+ptm on input line 15.
 (/usr/local/texlive/2025/texmf-dist/tex/latex/psnfss/ts1ptm.fd
File: ts1ptm.fd 2001/06/04 font definitions for TS1/ptm.
)

[1


{/usr/local/texlive/2025/texmf-var/fonts/map/pdftex/updmap/pdftex.map}{/usr/local/texlive/2025/texmf-dist/fonts/enc/dvips/base/8r.enc}] (./sec/0_abstract.tex

[2

]) (./sec/dedication.tex

[3

]) (./sec/ack.tex

[4

]) (./Agro_Ben_T_202510_Masters_thesis.toc
LaTeX Font Info:    Trying to load font information for U+msa on input line 2.
 (/usr/local/texlive/2025/texmf-dist/tex/latex/amsfonts/umsa.fd
File: umsa.fd 2013/01/14 v3.01 AMS symbols A
)
LaTeX Font Info:    Trying to load font information for U+msb on input line 2.
 (/usr/local/texlive/2025/texmf-dist/tex/latex/amsfonts/umsb.fd
File: umsb.fd 2013/01/14 v3.01 AMS symbols B
)

[5


])
\tf@toc=\write5
\openout5 = `Agro_Ben_T_202510_Masters_thesis.toc'.



[6] (./sec/1_intro.tex
Chapter 1.
(./images/hook_light.tex
<images/images_for_hook_light/lidar_proposals_wod_viz_5_198.png, id=240, 2409.0pt x 3212.0pt>
File: images/images_for_hook_light/lidar_proposals_wod_viz_5_198.png Graphic file (type png)
<use images/images_for_hook_light/lidar_proposals_wod_viz_5_198.png>
Package pdftex.def Info: images/images_for_hook_light/lidar_proposals_wod_viz_5_198.png  used on input line 10.
(pdftex.def)             Requested size: 143.0954pt x 89.3677pt.
<images/images_for_hook_light/memory_proposals_wod_viz_5_198.png, id=243, 2409.0pt x 3212.0pt>
File: images/images_for_hook_light/memory_proposals_wod_viz_5_198.png Graphic file (type png)
<use images/images_for_hook_light/memory_proposals_wod_viz_5_198.png>
Package pdftex.def Info: images/images_for_hook_light/memory_proposals_wod_viz_5_198.png  used on input line 17.
(pdftex.def)             Requested size: 143.0954pt x 89.3677pt.
<images/images_for_hook_light/detections_wod_viz_5_198.png, id=245, 2409.0pt x 3212.0pt>
File: images/images_for_hook_light/detections_wod_viz_5_198.png Graphic file (type png)
<use images/images_for_hook_light/detections_wod_viz_5_198.png>
Package pdftex.def Info: images/images_for_hook_light/detections_wod_viz_5_198.png  used on input line 24.
(pdftex.def)             Requested size: 143.0954pt x 89.3677pt.
<images/images_for_hook_light/cool_colormap.png, id=247, 1085.05376pt x 139.52126pt>
File: images/images_for_hook_light/cool_colormap.png Graphic file (type png)
<use images/images_for_hook_light/cool_colormap.png>
Package pdftex.def Info: images/images_for_hook_light/cool_colormap.png  used on input line 32.
(pdftex.def)             Requested size: 140.92575pt x 7.99896pt.

Overfull \hbox (12.17677pt too wide) in paragraph at lines 46--52
 [][] 
 []

)

[1


 <./images/images_for_hook_light/lidar_proposals_wod_viz_5_198.png> <./images/images_for_hook_light/memory_proposals_wod_viz_5_198.png> <./images/images_for_hook_light/detections_wod_viz_5_198.png> <./images/images_for_hook_light/cool_colormap.png (PNG copy)>]) (./sec/2_related.tex

[2]
Chapter 2.


[3

]
<images/architecture_v7.pdf, id=430, 1419.3025pt x 371.3875pt>
File: images/architecture_v7.pdf Graphic file (type pdf)
<use images/architecture_v7.pdf>
Package pdftex.def Info: images/architecture_v7.pdf  used on input line 48.
(pdftex.def)             Requested size: 433.62004pt x 113.46286pt.
) (./sec/method.tex (./sec/3.1_method.tex

[4 <./images/architecture_v7.pdf>]
Chapter 3.


[5

]

[6]) (./sec/3.2_method.tex (./tables/main_table_wod.tex
Overfull \hbox (8.57791pt too wide) in paragraph at lines 5--32
 [][] 
 []

)

[7]

[8] (./tables/camera.tex

LaTeX Warning: No positions in optional float specifier.
               Default added (so using `tbp') on input line 1.

)

[9])) (./sec/4_experiments.tex

[10]
Chapter 4.


[11

] (./tables/full_leaderboard_all_classes.tex

LaTeX Warning: No positions in optional float specifier.
               Default added (so using `tbp') on input line 1.


Overfull \hbox (14.89795pt too wide) in paragraph at lines 5--32
 [][] 
 []

) (./tables/leaderboard_all_classes.tex

LaTeX Warning: No positions in optional float specifier.
               Default added (so using `tbp') on input line 1.


Overfull \hbox (8.14606pt too wide) in paragraph at lines 5--30
 [][] 
 []

)

[12] (./tables/component_ablation.tex) (./tables/proposal_eval.tex) (./tables/supp_component_ablation.tex

[13]) (./sec/supp_sec/7_additional_quantitative_results.tex (./graphs/history_curve.tex)
LaTeX Font Info:    Trying to load font information for OT1+pcr on input line 11.
 (/usr/local/texlive/2025/texmf-dist/tex/latex/psnfss/ot1pcr.fd
File: ot1pcr.fd 2001/06/04 font definitions for OT1/pcr.
) (./graphs/dropping_curve.tex)

[14] (./tables/forecasting_metrics.tex)

[15])

[16] (./tables/schedule_table.tex
LaTeX Font Info:    Trying to load font information for U+lasy on input line 14.
 (/usr/local/texlive/2025/texmf-dist/tex/latex/base/ulasy.fd
File: ulasy.fd 1998/08/17 v2.2e LaTeX symbol font definitions
)) (./tables/more_training_ablations.tex)

[17] (./sec/supp_sec/8_additional_qualitative_results.tex (./images/supp_quali.tex
<images/images_for_supp/66/original_det_anchors_wod_viz_66_126.pdf, id=773, 1156.32pt x 1156.32pt>
File: images/images_for_supp/66/original_det_anchors_wod_viz_66_126.pdf Graphic file (type pdf)
<use images/images_for_supp/66/original_det_anchors_wod_viz_66_126.pdf>
Package pdftex.def Info: images/images_for_supp/66/original_det_anchors_wod_viz_66_126.pdf  used on input line 16.
(pdftex.def)             Requested size: 99.73074pt x 99.72412pt.
<images/images_for_supp/66/interpolated_det_anchors_wod_viz_66_126.pdf, id=775, 1156.32pt x 1156.32pt>
File: images/images_for_supp/66/interpolated_det_anchors_wod_viz_66_126.pdf Graphic file (type pdf)
<use images/images_for_supp/66/interpolated_det_anchors_wod_viz_66_126.pdf>
Package pdftex.def Info: images/images_for_supp/66/interpolated_det_anchors_wod_viz_66_126.pdf  used on input line 17.
(pdftex.def)             Requested size: 99.73074pt x 99.72412pt.
<images/images_for_supp/66/lidar_proposals_wod_viz_66_126.pdf, id=777, 1156.32pt x 1156.32pt>
File: images/images_for_supp/66/lidar_proposals_wod_viz_66_126.pdf Graphic file (type pdf)
<use images/images_for_supp/66/lidar_proposals_wod_viz_66_126.pdf>
Package pdftex.def Info: images/images_for_supp/66/lidar_proposals_wod_viz_66_126.pdf  used on input line 18.
(pdftex.def)             Requested size: 99.73074pt x 99.72412pt.
<images/images_for_supp/66/detections_wod_viz_66_126.pdf, id=779, 1156.32pt x 1156.32pt>
File: images/images_for_supp/66/detections_wod_viz_66_126.pdf Graphic file (type pdf)
<use images/images_for_supp/66/detections_wod_viz_66_126.pdf>
Package pdftex.def Info: images/images_for_supp/66/detections_wod_viz_66_126.pdf  used on input line 19.
(pdftex.def)             Requested size: 99.73074pt x 99.72412pt.
<images/images_for_supp/98/original_det_anchors_wod_viz_98_138.pdf, id=781, 1156.32pt x 1156.32pt>
File: images/images_for_supp/98/original_det_anchors_wod_viz_98_138.pdf Graphic file (type pdf)
<use images/images_for_supp/98/original_det_anchors_wod_viz_98_138.pdf>
Package pdftex.def Info: images/images_for_supp/98/original_det_anchors_wod_viz_98_138.pdf  used on input line 26.
(pdftex.def)             Requested size: 99.73074pt x 99.72522pt.
<images/images_for_supp/98/interpolated_det_anchors_wod_viz_98_138.pdf, id=783, 1156.32pt x 1156.32pt>
File: images/images_for_supp/98/interpolated_det_anchors_wod_viz_98_138.pdf Graphic file (type pdf)
<use images/images_for_supp/98/interpolated_det_anchors_wod_viz_98_138.pdf>
Package pdftex.def Info: images/images_for_supp/98/interpolated_det_anchors_wod_viz_98_138.pdf  used on input line 27.
(pdftex.def)             Requested size: 99.73074pt x 99.72522pt.
<images/images_for_supp/98/lidar_proposals_wod_viz_98_138.pdf, id=785, 1156.32pt x 1156.32pt>
File: images/images_for_supp/98/lidar_proposals_wod_viz_98_138.pdf Graphic file (type pdf)
<use images/images_for_supp/98/lidar_proposals_wod_viz_98_138.pdf>
Package pdftex.def Info: images/images_for_supp/98/lidar_proposals_wod_viz_98_138.pdf  used on input line 28.
(pdftex.def)             Requested size: 99.73074pt x 99.72522pt.
<images/images_for_supp/98/detections_wod_viz_98_138.pdf, id=787, 1156.32pt x 1156.32pt>
File: images/images_for_supp/98/detections_wod_viz_98_138.pdf Graphic file (type pdf)
<use images/images_for_supp/98/detections_wod_viz_98_138.pdf>
Package pdftex.def Info: images/images_for_supp/98/detections_wod_viz_98_138.pdf  used on input line 29.
(pdftex.def)             Requested size: 99.73074pt x 99.72522pt.
<images/images_for_supp/64/original_det_anchors_wod_viz_64_90.pdf, id=789, 1156.32pt x 1156.32pt>
File: images/images_for_supp/64/original_det_anchors_wod_viz_64_90.pdf Graphic file (type pdf)
<use images/images_for_supp/64/original_det_anchors_wod_viz_64_90.pdf>
Package pdftex.def Info: images/images_for_supp/64/original_det_anchors_wod_viz_64_90.pdf  used on input line 32.
(pdftex.def)             Requested size: 99.73074pt x 99.72412pt.
<images/images_for_supp/64/interpolated_det_anchors_wod_viz_64_90.pdf, id=791, 1156.32pt x 1156.32pt>
File: images/images_for_supp/64/interpolated_det_anchors_wod_viz_64_90.pdf Graphic file (type pdf)
<use images/images_for_supp/64/interpolated_det_anchors_wod_viz_64_90.pdf>
Package pdftex.def Info: images/images_for_supp/64/interpolated_det_anchors_wod_viz_64_90.pdf  used on input line 33.
(pdftex.def)             Requested size: 99.73074pt x 99.72412pt.
<images/images_for_supp/64/lidar_proposals_wod_viz_64_90.pdf, id=793, 1156.32pt x 1156.32pt>
File: images/images_for_supp/64/lidar_proposals_wod_viz_64_90.pdf Graphic file (type pdf)
<use images/images_for_supp/64/lidar_proposals_wod_viz_64_90.pdf>
Package pdftex.def Info: images/images_for_supp/64/lidar_proposals_wod_viz_64_90.pdf  used on input line 34.
(pdftex.def)             Requested size: 99.73074pt x 99.72412pt.
<images/images_for_supp/64/detections_wod_viz_64_90.pdf, id=795, 1156.32pt x 1156.32pt>
File: images/images_for_supp/64/detections_wod_viz_64_90.pdf Graphic file (type pdf)
<use images/images_for_supp/64/detections_wod_viz_64_90.pdf>
Package pdftex.def Info: images/images_for_supp/64/detections_wod_viz_64_90.pdf  used on input line 35.
(pdftex.def)             Requested size: 99.73074pt x 99.72412pt.
<images/images_for_supp/73/original_det_anchors_wod_viz_73_126.pdf, id=797, 1156.32pt x 1156.32pt>
File: images/images_for_supp/73/original_det_anchors_wod_viz_73_126.pdf Graphic file (type pdf)
<use images/images_for_supp/73/original_det_anchors_wod_viz_73_126.pdf>
Package pdftex.def Info: images/images_for_supp/73/original_det_anchors_wod_viz_73_126.pdf  used on input line 37.
(pdftex.def)             Requested size: 99.73074pt x 99.72302pt.
<images/images_for_supp/73/interpolated_det_anchors_wod_viz_73_126.pdf, id=799, 1156.32pt x 1156.32pt>
File: images/images_for_supp/73/interpolated_det_anchors_wod_viz_73_126.pdf Graphic file (type pdf)
<use images/images_for_supp/73/interpolated_det_anchors_wod_viz_73_126.pdf>
Package pdftex.def Info: images/images_for_supp/73/interpolated_det_anchors_wod_viz_73_126.pdf  used on input line 38.
(pdftex.def)             Requested size: 99.73074pt x 99.72302pt.
<images/images_for_supp/73/lidar_proposals_wod_viz_73_126.pdf, id=801, 1156.32pt x 1156.32pt>
File: images/images_for_supp/73/lidar_proposals_wod_viz_73_126.pdf Graphic file (type pdf)
<use images/images_for_supp/73/lidar_proposals_wod_viz_73_126.pdf>
Package pdftex.def Info: images/images_for_supp/73/lidar_proposals_wod_viz_73_126.pdf  used on input line 39.
(pdftex.def)             Requested size: 99.73074pt x 99.72302pt.
<images/images_for_supp/73/detections_wod_viz_73_126.pdf, id=803, 1156.32pt x 1156.32pt>
File: images/images_for_supp/73/detections_wod_viz_73_126.pdf Graphic file (type pdf)
<use images/images_for_supp/73/detections_wod_viz_73_126.pdf>
Package pdftex.def Info: images/images_for_supp/73/detections_wod_viz_73_126.pdf  used on input line 40.
(pdftex.def)             Requested size: 99.73074pt x 99.72302pt.
File: images/images_for_hook_light/cool_colormap.png Graphic file (type png)
<use images/images_for_hook_light/cool_colormap.png>
Package pdftex.def Info: images/images_for_hook_light/cool_colormap.png  used on input line 50.
(pdftex.def)             Requested size: 95.38127pt x 7.99896pt.
File: images/images_for_hook_light/cool_colormap.png Graphic file (type png)
<use images/images_for_hook_light/cool_colormap.png>
Package pdftex.def Info: images/images_for_hook_light/cool_colormap.png  used on input line 56.
(pdftex.def)             Requested size: 95.38127pt x 7.99896pt.
) (./images/supp_quali_2.tex
<images/images_for_supp/31/original_det_anchors_wod_viz_31_198.pdf, id=809, 1156.32pt x 1156.32pt>
File: images/images_for_supp/31/original_det_anchors_wod_viz_31_198.pdf Graphic file (type pdf)
<use images/images_for_supp/31/original_det_anchors_wod_viz_31_198.pdf>
Package pdftex.def Info: images/images_for_supp/31/original_det_anchors_wod_viz_31_198.pdf  used on input line 16.
(pdftex.def)             Requested size: 99.73074pt x 99.72357pt.
<images/images_for_supp/31/interpolated_det_anchors_wod_viz_31_198.pdf, id=811, 1156.32pt x 1156.32pt>
File: images/images_for_supp/31/interpolated_det_anchors_wod_viz_31_198.pdf Graphic file (type pdf)
<use images/images_for_supp/31/interpolated_det_anchors_wod_viz_31_198.pdf>
Package pdftex.def Info: images/images_for_supp/31/interpolated_det_anchors_wod_viz_31_198.pdf  used on input line 17.
(pdftex.def)             Requested size: 99.73074pt x 99.72357pt.
<images/images_for_supp/31/lidar_proposals_wod_viz_31_198.pdf, id=813, 1156.32pt x 1156.32pt>
File: images/images_for_supp/31/lidar_proposals_wod_viz_31_198.pdf Graphic file (type pdf)
<use images/images_for_supp/31/lidar_proposals_wod_viz_31_198.pdf>
Package pdftex.def Info: images/images_for_supp/31/lidar_proposals_wod_viz_31_198.pdf  used on input line 18.
(pdftex.def)             Requested size: 99.73074pt x 99.72357pt.
<images/images_for_supp/31/detections_wod_viz_31_198.pdf, id=815, 1156.32pt x 1156.32pt>
File: images/images_for_supp/31/detections_wod_viz_31_198.pdf Graphic file (type pdf)
<use images/images_for_supp/31/detections_wod_viz_31_198.pdf>
Package pdftex.def Info: images/images_for_supp/31/detections_wod_viz_31_198.pdf  used on input line 19.
(pdftex.def)             Requested size: 99.73074pt x 99.72357pt.
<images/images_for_supp/82/original_det_anchors_wod_viz_82_120.pdf, id=817, 1156.32pt x 1156.32pt>
File: images/images_for_supp/82/original_det_anchors_wod_viz_82_120.pdf Graphic file (type pdf)
<use images/images_for_supp/82/original_det_anchors_wod_viz_82_120.pdf>
Package pdftex.def Info: images/images_for_supp/82/original_det_anchors_wod_viz_82_120.pdf  used on input line 26.
(pdftex.def)             Requested size: 99.73074pt x 99.72835pt.
<images/images_for_supp/82/interpolated_det_anchors_wod_viz_82_120.pdf, id=819, 1156.32pt x 1156.32pt>
File: images/images_for_supp/82/interpolated_det_anchors_wod_viz_82_120.pdf Graphic file (type pdf)
<use images/images_for_supp/82/interpolated_det_anchors_wod_viz_82_120.pdf>
Package pdftex.def Info: images/images_for_supp/82/interpolated_det_anchors_wod_viz_82_120.pdf  used on input line 27.
(pdftex.def)             Requested size: 99.73074pt x 99.72835pt.
<images/images_for_supp/82/lidar_proposals_wod_viz_82_120.pdf, id=821, 1156.32pt x 1156.32pt>
File: images/images_for_supp/82/lidar_proposals_wod_viz_82_120.pdf Graphic file (type pdf)
<use images/images_for_supp/82/lidar_proposals_wod_viz_82_120.pdf>
Package pdftex.def Info: images/images_for_supp/82/lidar_proposals_wod_viz_82_120.pdf  used on input line 28.
(pdftex.def)             Requested size: 99.73074pt x 99.72835pt.
<images/images_for_supp/82/detections_wod_viz_82_120.pdf, id=823, 1156.32pt x 1156.32pt>
File: images/images_for_supp/82/detections_wod_viz_82_120.pdf Graphic file (type pdf)
<use images/images_for_supp/82/detections_wod_viz_82_120.pdf>
Package pdftex.def Info: images/images_for_supp/82/detections_wod_viz_82_120.pdf  used on input line 29.
(pdftex.def)             Requested size: 99.73074pt x 99.72835pt.
<images/images_for_supp/91/original_det_anchors_wod_viz_91_144.pdf, id=825, 1156.32pt x 1156.32pt>
File: images/images_for_supp/91/original_det_anchors_wod_viz_91_144.pdf Graphic file (type pdf)
<use images/images_for_supp/91/original_det_anchors_wod_viz_91_144.pdf>
Package pdftex.def Info: images/images_for_supp/91/original_det_anchors_wod_viz_91_144.pdf  used on input line 32.
(pdftex.def)             Requested size: 99.73074pt x 99.73083pt.
<images/images_for_supp/91/interpolated_det_anchors_wod_viz_91_144.pdf, id=827, 1156.32pt x 1156.32pt>
File: images/images_for_supp/91/interpolated_det_anchors_wod_viz_91_144.pdf Graphic file (type pdf)
<use images/images_for_supp/91/interpolated_det_anchors_wod_viz_91_144.pdf>
Package pdftex.def Info: images/images_for_supp/91/interpolated_det_anchors_wod_viz_91_144.pdf  used on input line 33.
(pdftex.def)             Requested size: 99.73074pt x 99.73083pt.
<images/images_for_supp/91/lidar_proposals_wod_viz_91_144.pdf, id=829, 1156.32pt x 1156.32pt>
File: images/images_for_supp/91/lidar_proposals_wod_viz_91_144.pdf Graphic file (type pdf)
<use images/images_for_supp/91/lidar_proposals_wod_viz_91_144.pdf>
Package pdftex.def Info: images/images_for_supp/91/lidar_proposals_wod_viz_91_144.pdf  used on input line 34.
(pdftex.def)             Requested size: 99.73074pt x 99.73083pt.
<images/images_for_supp/91/detections_wod_viz_91_144.pdf, id=831, 1156.32pt x 1156.32pt>
File: images/images_for_supp/91/detections_wod_viz_91_144.pdf Graphic file (type pdf)
<use images/images_for_supp/91/detections_wod_viz_91_144.pdf>
Package pdftex.def Info: images/images_for_supp/91/detections_wod_viz_91_144.pdf  used on input line 35.
(pdftex.def)             Requested size: 99.73074pt x 99.73083pt.
<images/images_for_supp/161/original_det_anchors_wod_viz_161_138.pdf, id=833, 1156.32pt x 1156.32pt>
File: images/images_for_supp/161/original_det_anchors_wod_viz_161_138.pdf Graphic file (type pdf)
<use images/images_for_supp/161/original_det_anchors_wod_viz_161_138.pdf>
Package pdftex.def Info: images/images_for_supp/161/original_det_anchors_wod_viz_161_138.pdf  used on input line 37.
(pdftex.def)             Requested size: 99.73074pt x 99.72437pt.
<images/images_for_supp/161/interpolated_det_anchors_wod_viz_161_138.pdf, id=835, 1156.32pt x 1156.32pt>
File: images/images_for_supp/161/interpolated_det_anchors_wod_viz_161_138.pdf Graphic file (type pdf)
<use images/images_for_supp/161/interpolated_det_anchors_wod_viz_161_138.pdf>
Package pdftex.def Info: images/images_for_supp/161/interpolated_det_anchors_wod_viz_161_138.pdf  used on input line 38.
(pdftex.def)             Requested size: 99.73074pt x 99.72437pt.
<images/images_for_supp/161/lidar_proposals_wod_viz_161_138.pdf, id=837, 1156.32pt x 1156.32pt>
File: images/images_for_supp/161/lidar_proposals_wod_viz_161_138.pdf Graphic file (type pdf)
<use images/images_for_supp/161/lidar_proposals_wod_viz_161_138.pdf>
Package pdftex.def Info: images/images_for_supp/161/lidar_proposals_wod_viz_161_138.pdf  used on input line 39.
(pdftex.def)             Requested size: 99.73074pt x 99.72437pt.
<images/images_for_supp/161/detections_wod_viz_161_138.pdf, id=839, 1156.32pt x 1156.32pt>
File: images/images_for_supp/161/detections_wod_viz_161_138.pdf Graphic file (type pdf)
<use images/images_for_supp/161/detections_wod_viz_161_138.pdf>
Package pdftex.def Info: images/images_for_supp/161/detections_wod_viz_161_138.pdf  used on input line 40.
(pdftex.def)             Requested size: 99.73074pt x 99.72437pt.
File: images/images_for_hook_light/cool_colormap.png Graphic file (type png)
<use images/images_for_hook_light/cool_colormap.png>
Package pdftex.def Info: images/images_for_hook_light/cool_colormap.png  used on input line 50.
(pdftex.def)             Requested size: 95.38127pt x 7.99896pt.
File: images/images_for_hook_light/cool_colormap.png Graphic file (type png)
<use images/images_for_hook_light/cool_colormap.png>
Package pdftex.def Info: images/images_for_hook_light/cool_colormap.png  used on input line 56.
(pdftex.def)             Requested size: 95.38127pt x 7.99896pt.
)) (./sec/imp.tex

[18]

[19 <./images/images_for_supp/66/original_det_anchors_wod_viz_66_126.pdf> <./images/images_for_supp/66/interpolated_det_anchors_wod_viz_66_126.pdf> <./images/images_for_supp/66/lidar_proposals_wod_viz_66_126.pdf> <./images/images_for_supp/66/detections_wod_viz_66_126.pdf> <./images/images_for_supp/98/original_det_anchors_wod_viz_98_138.pdf> <./images/images_for_supp/98/interpolated_det_anchors_wod_viz_98_138.pdf> <./images/images_for_supp/98/lidar_proposals_wod_viz_98_138.pdf> <./images/images_for_supp/98/detections_wod_viz_98_138.pdf> <./images/images_for_supp/64/original_det_anchors_wod_viz_64_90.pdf> <./images/images_for_supp/64/interpolated_det_anchors_wod_viz_64_90.pdf> <./images/images_for_supp/64/lidar_proposals_wod_viz_64_90.pdf> <./images/images_for_supp/64/detections_wod_viz_64_90.pdf> <./images/images_for_supp/73/original_det_anchors_wod_viz_73_126.pdf> <./images/images_for_supp/73/interpolated_det_anchors_wod_viz_73_126.pdf> <./images/images_for_supp/73/lidar_proposals_wod_viz_73_126.pdf> <./images/images_for_supp/73/detections_wod_viz_73_126.pdf>]

[20 <./images/images_for_supp/31/original_det_anchors_wod_viz_31_198.pdf> <./images/images_for_supp/31/interpolated_det_anchors_wod_viz_31_198.pdf> <./images/images_for_supp/31/lidar_proposals_wod_viz_31_198.pdf> <./images/images_for_supp/31/detections_wod_viz_31_198.pdf> <./images/images_for_supp/82/original_det_anchors_wod_viz_82_120.pdf> <./images/images_for_supp/82/interpolated_det_anchors_wod_viz_82_120.pdf> <./images/images_for_supp/82/lidar_proposals_wod_viz_82_120.pdf> <./images/images_for_supp/82/detections_wod_viz_82_120.pdf> <./images/images_for_supp/91/original_det_anchors_wod_viz_91_144.pdf> <./images/images_for_supp/91/interpolated_det_anchors_wod_viz_91_144.pdf> <./images/images_for_supp/91/lidar_proposals_wod_viz_91_144.pdf> <./images/images_for_supp/91/detections_wod_viz_91_144.pdf> <./images/images_for_supp/161/original_det_anchors_wod_viz_161_138.pdf> <./images/images_for_supp/161/interpolated_det_anchors_wod_viz_161_138.pdf> <./images/images_for_supp/161/lidar_proposals_wod_viz_161_138.pdf> <./images/images_for_supp/161/detections_wod_viz_161_138.pdf>])) (./sec/5_conclusion.tex

[21]

[22]
Chapter 5.


[23

]
<images/images_for_supp/161/detections_wod_viz_161_186.pdf, id=1078, 1156.32pt x 1156.32pt>
File: images/images_for_supp/161/detections_wod_viz_161_186.pdf Graphic file (type pdf)
<use images/images_for_supp/161/detections_wod_viz_161_186.pdf>
Package pdftex.def Info: images/images_for_supp/161/detections_wod_viz_161_186.pdf  used on input line 57.
(pdftex.def)             Requested size: 216.81001pt x 216.81pt.
<images/images_for_supp/161/detections_wod_viz_161_192.pdf, id=1080, 1156.32pt x 1156.32pt>
File: images/images_for_supp/161/detections_wod_viz_161_192.pdf Graphic file (type pdf)
<use images/images_for_supp/161/detections_wod_viz_161_192.pdf>
Package pdftex.def Info: images/images_for_supp/161/detections_wod_viz_161_192.pdf  used on input line 58.
(pdftex.def)             Requested size: 216.81001pt x 216.81pt.

Overfull \hbox (2.39992pt too wide) in paragraph at lines 65--67
[][] 
 []

)

[24 <./images/images_for_supp/161/detections_wod_viz_161_186.pdf> <./images/images_for_supp/161/detections_wod_viz_161_192.pdf>] (./Agro_Ben_T_202510_Masters_thesis.bbl (./Agro_Ben_T_202510_Masters_thesis.brf)
\tf@brf=\write6
\openout6 = `Agro_Ben_T_202510_Masters_thesis.brf'.



[25


]

[26]

[27]

[28]

[29]

[30])

[31] (./Agro_Ben_T_202510_Masters_thesis.aux)
 ***********
LaTeX2e <2024-11-01> patch level 2
L3 programming layer <2020/03/25>
 ***********
Package rerunfilecheck Info: File `Agro_Ben_T_202510_Masters_thesis.out' has not changed.
(rerunfilecheck)             Checksum: CC012CFC41C78F00E7091E7082F941F6;6583.
Package rerunfilecheck Info: File `Agro_Ben_T_202510_Masters_thesis.brf' has not changed.
(rerunfilecheck)             Checksum: EB16F04E88FBC1C1B6EF1148FA47D681;8240.
 ) 
Here is how much of TeX's memory you used:
 41999 strings out of 473190
 1009279 string characters out of 5715801
 1485526 words of memory out of 5000000
 64313 multiletter control sequences out of 15000+600000
 602544 words of font info for 130 fonts, out of 8000000 for 9000
 1141 hyphenation exceptions out of 8191
 104i,19n,108p,1112b,2272s stack positions out of 10000i,1000n,20000p,200000b,200000s
</usr/local/texlive/2025/texmf-dist/fonts/type1/public/amsfonts/cm/cmbx10.pfb></usr/local/texlive/2025/texmf-dist/fonts/type1/public/amsfonts/cm/cmbx8.pfb></usr/local/texlive/2025/texmf-dist/fonts/type1/public/amsfonts/cm/cmbx9.pfb></usr/local/texlive/2025/texmf-dist/fonts/type1/public/amsfonts/cm/cmex10.pfb></usr/local/texlive/2025/texmf-dist/fonts/type1/public/amsfonts/cmextra/cmex8.pfb></usr/local/texlive/2025/texmf-dist/fonts/type1/public/amsfonts/cm/cmmi10.pfb></usr/local/texlive/2025/texmf-dist/fonts/type1/public/amsfonts/cm/cmmi5.pfb></usr/local/texlive/2025/texmf-dist/fonts/type1/public/amsfonts/cm/cmmi6.pfb></usr/local/texlive/2025/texmf-dist/fonts/type1/public/amsfonts/cm/cmmi7.pfb></usr/local/texlive/2025/texmf-dist/fonts/type1/public/amsfonts/cm/cmmi8.pfb></usr/local/texlive/2025/texmf-dist/fonts/type1/public/amsfonts/cm/cmmi9.pfb></usr/local/texlive/2025/texmf-dist/fonts/type1/public/amsfonts/cm/cmr10.pfb></usr/local/texlive/2025/texmf-dist/fonts/type1/public/amsfonts/cm/cmr5.pfb></usr/local/texlive/2025/texmf-dist/fonts/type1/public/amsfonts/cm/cmr6.pfb></usr/local/texlive/2025/texmf-dist/fonts/type1/public/amsfonts/cm/cmr7.pfb></usr/local/texlive/2025/texmf-dist/fonts/type1/public/amsfonts/cm/cmr8.pfb></usr/local/texlive/2025/texmf-dist/fonts/type1/public/amsfonts/cm/cmr9.pfb></usr/local/texlive/2025/texmf-dist/fonts/type1/public/amsfonts/cm/cmsy10.pfb></usr/local/texlive/2025/texmf-dist/fonts/type1/public/amsfonts/cm/cmsy7.pfb></usr/local/texlive/2025/texmf-dist/fonts/type1/public/amsfonts/cm/cmsy8.pfb></usr/local/texlive/2025/texmf-dist/fonts/type1/public/amsfonts/cm/cmsy9.pfb></usr/local/texlive/2025/texmf-dist/fonts/type1/public/amsfonts/latxfont/lasy8.pfb></usr/local/texlive/2025/texmf-dist/fonts/type1/public/amsfonts/symbols/msbm10.pfb></usr/local/texlive/2025/texmf-dist/fonts/type1/urw/courier/ucrr8a.pfb></usr/local/texlive/2025/texmf-dist/fonts/type1/urw/times/utmb8a.pfb></usr/local/texlive/2025/texmf-dist/fonts/type1/urw/times/utmr8a.pfb></usr/local/texlive/2025/texmf-dist/fonts/type1/urw/times/utmri8a.pfb></usr/local/texlive/2025/texmf-dist/fonts/type1/urw/zapfding/uzdr.pfb>
Output written on Agro_Ben_T_202510_Masters_thesis.pdf (37 pages, 8553283 bytes).
PDF statistics:
 1454 PDF objects out of 1728 (max. 8388607)
 1168 compressed objects within 12 object streams
 206 named destinations out of 1000 (max. 500000)
 780 words of extra memory for PDF output out of 10000 (max. 10000000)

